<?xml version="1.0" encoding="UTF-8" ?>
<testsuite name="TestCafe Tests: Chrome 101.0.4951.54 / Windows 10" tests="3" failures="2" skipped="0" errors="2" time="59.952" timestamp="Mon, 09 May 2022 18:21:02 GMT" >
  <testcase classname="php travels test login" file="C:\Users\Legion\Desktop\projekt\e2e-testcafe\regression\test\date.testcafe.e2e.js" name="Provjeri da li se aplikacija uspjesno ucitava i ispravnost linka" time="22.416">
  </testcase>
  <testcase classname="php travels test login" file="C:\Users\Legion\Desktop\projekt\e2e-testcafe\regression\test\date.testcafe.e2e.js" name="Odaberi grad iz dropdown menua na 3 rijeci i provjeri da li postoji" time="18.445">
    <failure>
    <![CDATA[
      1) AssertionError: expected 1 to deeply equal 4

         + expected - actual

         -1
         +4


         Browser: Chrome 101.0.4951.54 / Windows 10

            44 |    ('Odaberi grad iz dropdown menua na 3 rijeci i provjeri da li postoji', async t => {
            45 |        await t
            46 |            .click(orderDatepageObject.getElementByLabelName('City Name', allInputs))
            47 |            .typeText((await orderDatepageObject.getCityInput(allInputs)), 'Zag')
            48 |            .expect((await orderDatepageObject.getAllSearchResults()).count)
          > 49 |            .eql(4)
            50 |            .wait(4000)
            51 |
            52 |        await t
            53 |            .click(await orderDatepageObject.selectInputByIndex(2))
            54 |            .wait(5000)

            at <anonymous> (C:\Users\Legion\Desktop\projekt\e2e-testcafe\regression\test\date.testcafe.e2e.js:49:14)
            at asyncGeneratorStep (C:\Users\Legion\Desktop\projekt\e2e-testcafe\regression\test\date.testcafe.e2e.js:6:265)
            at _next (C:\Users\Legion\Desktop\projekt\e2e-testcafe\regression\test\date.testcafe.e2e.js:6:603)
    ]]>
    </failure>
  </testcase>
  <testcase classname="php travels test login" file="C:\Users\Legion\Desktop\projekt\e2e-testcafe\regression\test\date.testcafe.e2e.js" name="Provjeri da li je datum dolaska veci od datuma odlaska i odradi search" time="19.032">
    <failure>
    <![CDATA[
      1) AssertionError: expected 1 to deeply equal 4

         + expected - actual

         -1
         +4


         Browser: Chrome 101.0.4951.54 / Windows 10

            67 |        
            68 |        await t
            69 |            .click(orderDatepageObject.getElementByLabelName('City Name', allInputs))
            70 |            .typeText((await orderDatepageObject.getCityInput(allInputs)), 'Zag')
            71 |            .expect((await orderDatepageObject.getAllSearchResults()).count)
          > 72 |            .eql(4)
            73 |            .wait(4000)
            74 |
            75 |        await t
            76 |            .click(await orderDatepageObject.selectInputByIndex(2))
            77 |            .wait(5000)

            at <anonymous> (C:\Users\Legion\Desktop\projekt\e2e-testcafe\regression\test\date.testcafe.e2e.js:72:14)
            at asyncGeneratorStep (C:\Users\Legion\Desktop\projekt\e2e-testcafe\regression\test\date.testcafe.e2e.js:6:265)
            at _next (C:\Users\Legion\Desktop\projekt\e2e-testcafe\regression\test\date.testcafe.e2e.js:6:603)
    ]]>
    </failure>
  </testcase>
</testsuite>